[2023-08-27T01:22:47.493-07:00] [INFO] [main-1] [com.alibaba.nacos.client.env.SearchableProperties] [ChunleiTuf] [${ctx:ip}] [${ctx:applicationName}] [SearchableProperties.java,197,com.alibaba.nacos.client.env.SearchableProperties,sortPropertySourceDefaultOrder] [properties search order:PROPERTIES->JVM->ENV->DEFAULT_SETTING] ## ''
[2023-08-27T01:22:47.503-07:00] [INFO] [background-preinit-33] [org.hibernate.validator.internal.util.Version] [ChunleiTuf] [${ctx:ip}] [${ctx:applicationName}] [Version.java,21,org.hibernate.validator.internal.util.Version,<clinit>] [HV000001: Hibernate Validator 6.2.5.Final] ## ''
[2023-08-27T01:22:47.948-07:00] [INFO] [main-1] [com.alibaba.nacos.plugin.auth.spi.client.ClientAuthPluginManager] [ChunleiTuf] [${ctx:ip}] [${ctx:applicationName}] [ClientAuthPluginManager.java,56,com.alibaba.nacos.plugin.auth.spi.client.ClientAuthPluginManager,init] [[ClientAuthPluginManager] Load ClientAuthService com.alibaba.nacos.client.auth.impl.NacosClientAuthServiceImpl success.] ## ''
[2023-08-27T01:22:47.955-07:00] [INFO] [main-1] [com.alibaba.nacos.plugin.auth.spi.client.ClientAuthPluginManager] [ChunleiTuf] [${ctx:ip}] [${ctx:applicationName}] [ClientAuthPluginManager.java,56,com.alibaba.nacos.plugin.auth.spi.client.ClientAuthPluginManager,init] [[ClientAuthPluginManager] Load ClientAuthService com.alibaba.nacos.client.auth.ram.RamClientAuthServiceImpl success.] ## ''
[2023-08-27T01:22:51.248-07:00] [WARN] [main-1] [com.alibaba.cloud.nacos.client.NacosPropertySourceBuilder] [ChunleiTuf] [${ctx:ip}] [${ctx:applicationName}] [NacosPropertySourceBuilder.java,87,com.alibaba.cloud.nacos.client.NacosPropertySourceBuilder,loadNacosData] [Ignore the empty nacos configuration and get it based on dataId[bili-search] & group[DEFAULT_GROUP]] ## ''
[2023-08-27T01:22:51.253-07:00] [WARN] [main-1] [com.alibaba.cloud.nacos.client.NacosPropertySourceBuilder] [ChunleiTuf] [${ctx:ip}] [${ctx:applicationName}] [NacosPropertySourceBuilder.java,87,com.alibaba.cloud.nacos.client.NacosPropertySourceBuilder,loadNacosData] [Ignore the empty nacos configuration and get it based on dataId[bili-search.properties] & group[DEFAULT_GROUP]] ## ''
[2023-08-27T01:22:51.262-07:00] [INFO] [main-1] [org.springframework.cloud.bootstrap.config.PropertySourceBootstrapConfiguration] [ChunleiTuf] [${ctx:ip}] [${ctx:applicationName}] [PropertySourceBootstrapConfiguration.java,109,org.springframework.cloud.bootstrap.config.PropertySourceBootstrapConfiguration,initialize] [Located property source: [BootstrapPropertySource {name='bootstrapProperties-bili-search.properties,DEFAULT_GROUP'}, BootstrapPropertySource {name='bootstrapProperties-bili-search,DEFAULT_GROUP'}]] ## ''
[2023-08-27T01:22:51.275-07:00] [INFO] [main-1] [com.chunlei.bili.search.BiliSearchApplication] [ChunleiTuf] [${ctx:ip}] [${ctx:applicationName}] [SpringApplication.java,645,org.springframework.boot.SpringApplication,logStartupProfileInfo] [No active profile set, falling back to 1 default profile: "default"] ## ''
[2023-08-27T01:22:51.945-07:00] [INFO] [main-1] [org.springframework.data.repository.config.RepositoryConfigurationDelegate] [ChunleiTuf] [${ctx:ip}] [${ctx:applicationName}] [RepositoryConfigurationDelegate.java,262,org.springframework.data.repository.config.RepositoryConfigurationDelegate,multipleStoresDetected] [Multiple Spring Data modules found, entering strict repository configuration mode] ## ''
[2023-08-27T01:22:51.947-07:00] [INFO] [main-1] [org.springframework.data.repository.config.RepositoryConfigurationDelegate] [ChunleiTuf] [${ctx:ip}] [${ctx:applicationName}] [RepositoryConfigurationDelegate.java,132,org.springframework.data.repository.config.RepositoryConfigurationDelegate,registerRepositoriesIn] [Bootstrapping Spring Data Elasticsearch repositories in DEFAULT mode.] ## ''
[2023-08-27T01:22:52.010-07:00] [INFO] [main-1] [org.springframework.data.repository.config.RepositoryConfigurationDelegate] [ChunleiTuf] [${ctx:ip}] [${ctx:applicationName}] [RepositoryConfigurationDelegate.java,201,org.springframework.data.repository.config.RepositoryConfigurationDelegate,registerRepositoriesIn] [Finished Spring Data repository scanning in 59 ms. Found 2 Elasticsearch repository interfaces.] ## ''
[2023-08-27T01:22:52.014-07:00] [INFO] [main-1] [org.springframework.data.repository.config.RepositoryConfigurationDelegate] [ChunleiTuf] [${ctx:ip}] [${ctx:applicationName}] [RepositoryConfigurationDelegate.java,262,org.springframework.data.repository.config.RepositoryConfigurationDelegate,multipleStoresDetected] [Multiple Spring Data modules found, entering strict repository configuration mode] ## ''
[2023-08-27T01:22:52.015-07:00] [INFO] [main-1] [org.springframework.data.repository.config.RepositoryConfigurationDelegate] [ChunleiTuf] [${ctx:ip}] [${ctx:applicationName}] [RepositoryConfigurationDelegate.java,132,org.springframework.data.repository.config.RepositoryConfigurationDelegate,registerRepositoriesIn] [Bootstrapping Spring Data Reactive Elasticsearch repositories in DEFAULT mode.] ## ''
[2023-08-27T01:22:52.022-07:00] [INFO] [main-1] [org.springframework.data.repository.config.RepositoryConfigurationDelegate] [ChunleiTuf] [${ctx:ip}] [${ctx:applicationName}] [RepositoryConfigurationDelegate.java,201,org.springframework.data.repository.config.RepositoryConfigurationDelegate,registerRepositoriesIn] [Finished Spring Data repository scanning in 6 ms. Found 0 Reactive Elasticsearch repository interfaces.] ## ''
[2023-08-27T01:22:52.027-07:00] [INFO] [main-1] [org.springframework.data.repository.config.RepositoryConfigurationDelegate] [ChunleiTuf] [${ctx:ip}] [${ctx:applicationName}] [RepositoryConfigurationDelegate.java,262,org.springframework.data.repository.config.RepositoryConfigurationDelegate,multipleStoresDetected] [Multiple Spring Data modules found, entering strict repository configuration mode] ## ''
[2023-08-27T01:22:52.027-07:00] [INFO] [main-1] [org.springframework.data.repository.config.RepositoryConfigurationDelegate] [ChunleiTuf] [${ctx:ip}] [${ctx:applicationName}] [RepositoryConfigurationDelegate.java,132,org.springframework.data.repository.config.RepositoryConfigurationDelegate,registerRepositoriesIn] [Bootstrapping Spring Data JPA repositories in DEFAULT mode.] ## ''
[2023-08-27T01:22:52.035-07:00] [INFO] [main-1] [org.springframework.data.repository.config.RepositoryConfigurationExtensionSupport] [ChunleiTuf] [${ctx:ip}] [${ctx:applicationName}] [RepositoryConfigurationExtensionSupport.java,349,org.springframework.data.repository.config.RepositoryConfigurationExtensionSupport,isStrictRepositoryCandidate] [Spring Data JPA - Could not safely identify store assignment for repository candidate interface com.chunlei.bili.search.repository.EsMemberRepository; If you want this repository to be a JPA repository, consider annotating your entities with one of these annotations: javax.persistence.Entity, javax.persistence.MappedSuperclass (preferred), or consider extending one of the following types with your repository: org.springframework.data.jpa.repository.JpaRepository] ## ''
[2023-08-27T01:22:52.036-07:00] [INFO] [main-1] [org.springframework.data.repository.config.RepositoryConfigurationExtensionSupport] [ChunleiTuf] [${ctx:ip}] [${ctx:applicationName}] [RepositoryConfigurationExtensionSupport.java,349,org.springframework.data.repository.config.RepositoryConfigurationExtensionSupport,isStrictRepositoryCandidate] [Spring Data JPA - Could not safely identify store assignment for repository candidate interface com.chunlei.bili.search.repository.EsVideoRepository; If you want this repository to be a JPA repository, consider annotating your entities with one of these annotations: javax.persistence.Entity, javax.persistence.MappedSuperclass (preferred), or consider extending one of the following types with your repository: org.springframework.data.jpa.repository.JpaRepository] ## ''
[2023-08-27T01:22:52.036-07:00] [INFO] [main-1] [org.springframework.data.repository.config.RepositoryConfigurationDelegate] [ChunleiTuf] [${ctx:ip}] [${ctx:applicationName}] [RepositoryConfigurationDelegate.java,201,org.springframework.data.repository.config.RepositoryConfigurationDelegate,registerRepositoriesIn] [Finished Spring Data repository scanning in 5 ms. Found 0 JPA repository interfaces.] ## ''
[2023-08-27T01:22:52.047-07:00] [INFO] [main-1] [org.springframework.data.repository.config.RepositoryConfigurationDelegate] [ChunleiTuf] [${ctx:ip}] [${ctx:applicationName}] [RepositoryConfigurationDelegate.java,262,org.springframework.data.repository.config.RepositoryConfigurationDelegate,multipleStoresDetected] [Multiple Spring Data modules found, entering strict repository configuration mode] ## ''
[2023-08-27T01:22:52.048-07:00] [INFO] [main-1] [org.springframework.data.repository.config.RepositoryConfigurationDelegate] [ChunleiTuf] [${ctx:ip}] [${ctx:applicationName}] [RepositoryConfigurationDelegate.java,132,org.springframework.data.repository.config.RepositoryConfigurationDelegate,registerRepositoriesIn] [Bootstrapping Spring Data Redis repositories in DEFAULT mode.] ## ''
[2023-08-27T01:22:52.057-07:00] [INFO] [main-1] [org.springframework.data.repository.config.RepositoryConfigurationExtensionSupport] [ChunleiTuf] [${ctx:ip}] [${ctx:applicationName}] [RepositoryConfigurationExtensionSupport.java,349,org.springframework.data.repository.config.RepositoryConfigurationExtensionSupport,isStrictRepositoryCandidate] [Spring Data Redis - Could not safely identify store assignment for repository candidate interface com.chunlei.bili.search.repository.EsMemberRepository; If you want this repository to be a Redis repository, consider annotating your entities with one of these annotations: org.springframework.data.redis.core.RedisHash (preferred), or consider extending one of the following types with your repository: org.springframework.data.keyvalue.repository.KeyValueRepository] ## ''
[2023-08-27T01:22:52.058-07:00] [INFO] [main-1] [org.springframework.data.repository.config.RepositoryConfigurationExtensionSupport] [ChunleiTuf] [${ctx:ip}] [${ctx:applicationName}] [RepositoryConfigurationExtensionSupport.java,349,org.springframework.data.repository.config.RepositoryConfigurationExtensionSupport,isStrictRepositoryCandidate] [Spring Data Redis - Could not safely identify store assignment for repository candidate interface com.chunlei.bili.search.repository.EsVideoRepository; If you want this repository to be a Redis repository, consider annotating your entities with one of these annotations: org.springframework.data.redis.core.RedisHash (preferred), or consider extending one of the following types with your repository: org.springframework.data.keyvalue.repository.KeyValueRepository] ## ''
[2023-08-27T01:22:52.058-07:00] [INFO] [main-1] [org.springframework.data.repository.config.RepositoryConfigurationDelegate] [ChunleiTuf] [${ctx:ip}] [${ctx:applicationName}] [RepositoryConfigurationDelegate.java,201,org.springframework.data.repository.config.RepositoryConfigurationDelegate,registerRepositoriesIn] [Finished Spring Data repository scanning in 4 ms. Found 0 Redis repository interfaces.] ## ''
[2023-08-27T01:22:52.307-07:00] [INFO] [main-1] [org.springframework.cloud.context.scope.GenericScope] [ChunleiTuf] [${ctx:ip}] [${ctx:applicationName}] [GenericScope.java,283,org.springframework.cloud.context.scope.GenericScope,setSerializationId] [BeanFactory id=46f5de4d-7496-3660-b7e8-db564647b160] ## ''
[2023-08-27T01:22:52.655-07:00] [INFO] [main-1] [org.springframework.boot.web.embedded.tomcat.TomcatWebServer] [ChunleiTuf] [${ctx:ip}] [${ctx:applicationName}] [TomcatWebServer.java,108,org.springframework.boot.web.embedded.tomcat.TomcatWebServer,initialize] [Tomcat initialized with port(s): 8083 (http)] ## ''
[2023-08-27T01:22:52.663-07:00] [INFO] [main-1] [org.apache.coyote.http11.Http11NioProtocol] [ChunleiTuf] [${ctx:ip}] [${ctx:applicationName}] [DirectJDKLog.java,173,org.apache.juli.logging.DirectJDKLog,log] [Initializing ProtocolHandler ["http-nio-8083"]] ## ''
[2023-08-27T01:22:52.663-07:00] [INFO] [main-1] [org.apache.catalina.core.StandardService] [ChunleiTuf] [${ctx:ip}] [${ctx:applicationName}] [DirectJDKLog.java,173,org.apache.juli.logging.DirectJDKLog,log] [Starting service [Tomcat]] ## ''
[2023-08-27T01:22:52.663-07:00] [INFO] [main-1] [org.apache.catalina.core.StandardEngine] [ChunleiTuf] [${ctx:ip}] [${ctx:applicationName}] [DirectJDKLog.java,173,org.apache.juli.logging.DirectJDKLog,log] [Starting Servlet engine: [Apache Tomcat/9.0.68]] ## ''
[2023-08-27T01:22:52.852-07:00] [INFO] [main-1] [org.apache.catalina.core.ContainerBase.[Tomcat].[localhost].[/apix/search]] [ChunleiTuf] [${ctx:ip}] [${ctx:applicationName}] [DirectJDKLog.java,173,org.apache.juli.logging.DirectJDKLog,log] [Initializing Spring embedded WebApplicationContext] ## ''
[2023-08-27T01:22:52.852-07:00] [INFO] [main-1] [org.springframework.boot.web.servlet.context.ServletWebServerApplicationContext] [ChunleiTuf] [${ctx:ip}] [${ctx:applicationName}] [ServletWebServerApplicationContext.java,290,org.springframework.boot.web.servlet.context.ServletWebServerApplicationContext,prepareWebApplicationContext] [Root WebApplicationContext: initialization completed in 1567 ms] ## ''
[2023-08-27T01:22:52.949-07:00] [INFO] [main-1] [com.zaxxer.hikari.HikariDataSource] [ChunleiTuf] [${ctx:ip}] [${ctx:applicationName}] [HikariDataSource.java,110,com.zaxxer.hikari.HikariDataSource,getConnection] [HikariPool-1 - Starting...] ## ''
[2023-08-27T01:22:53.648-07:00] [INFO] [main-1] [com.zaxxer.hikari.HikariDataSource] [ChunleiTuf] [${ctx:ip}] [${ctx:applicationName}] [HikariDataSource.java,123,com.zaxxer.hikari.HikariDataSource,getConnection] [HikariPool-1 - Start completed.] ## ''
[2023-08-27T01:22:53.868-07:00] [INFO] [main-1] [org.hibernate.jpa.internal.util.LogHelper] [ChunleiTuf] [${ctx:ip}] [${ctx:applicationName}] [LogHelper.java,31,org.hibernate.jpa.internal.util.LogHelper,logPersistenceUnitInformation] [HHH000204: Processing PersistenceUnitInfo [name: default]] ## ''
[2023-08-27T01:22:53.944-07:00] [INFO] [main-1] [org.hibernate.Version] [ChunleiTuf] [${ctx:ip}] [${ctx:applicationName}] [Version.java,44,org.hibernate.Version,logVersion] [HHH000412: Hibernate ORM core version 5.6.12.Final] ## ''
[2023-08-27T01:22:54.224-07:00] [INFO] [main-1] [org.hibernate.annotations.common.Version] [ChunleiTuf] [${ctx:ip}] [${ctx:applicationName}] [JavaReflectionManager.java,56,org.hibernate.annotations.common.reflection.java.JavaReflectionManager,<clinit>] [HCANN000001: Hibernate Commons Annotations {5.1.2.Final}] ## ''
[2023-08-27T01:22:54.405-07:00] [INFO] [main-1] [org.hibernate.dialect.Dialect] [ChunleiTuf] [${ctx:ip}] [${ctx:applicationName}] [Dialect.java,175,org.hibernate.dialect.Dialect,<init>] [HHH000400: Using dialect: org.hibernate.dialect.MySQL8Dialect] ## ''
[2023-08-27T01:22:54.607-07:00] [INFO] [main-1] [org.hibernate.engine.transaction.jta.platform.internal.JtaPlatformInitiator] [ChunleiTuf] [${ctx:ip}] [${ctx:applicationName}] [JtaPlatformInitiator.java,52,org.hibernate.engine.transaction.jta.platform.internal.JtaPlatformInitiator,initiateService] [HHH000490: Using JtaPlatform implementation: [org.hibernate.engine.transaction.jta.platform.internal.NoJtaPlatform]] ## ''
[2023-08-27T01:22:54.621-07:00] [INFO] [main-1] [org.springframework.orm.jpa.LocalContainerEntityManagerFactoryBean] [ChunleiTuf] [${ctx:ip}] [${ctx:applicationName}] [AbstractEntityManagerFactoryBean.java,437,org.springframework.orm.jpa.AbstractEntityManagerFactoryBean,buildNativeEntityManagerFactory] [Initialized JPA EntityManagerFactory for persistence unit 'default'] ## ''
[2023-08-27T01:22:55.346-07:00] [WARN] [main-1] [org.apache.mahout.cf.taste.impl.model.jdbc.AbstractJDBCDataModel] [ChunleiTuf] [10.18.10.84] [bili-search] [AbstractJDBCDataModel.java,193,org.apache.mahout.cf.taste.impl.model.jdbc.AbstractJDBCDataModel,<init>] [You are not using ConnectionPoolDataSource. Make sure your DataSource pools connections to the database itself, or database performance will be severely reduced.] ## ''
[2023-08-27T01:22:55.927-07:00] [WARN] [main-1] [org.springframework.boot.autoconfigure.orm.jpa.JpaBaseConfiguration$JpaWebConfiguration] [ChunleiTuf] [10.18.10.84] [bili-search] [JpaBaseConfiguration.java,219,org.springframework.boot.autoconfigure.orm.jpa.JpaBaseConfiguration$JpaWebConfiguration,openEntityManagerInViewInterceptor] [spring.jpa.open-in-view is enabled by default. Therefore, database queries may be performed during view rendering. Explicitly configure spring.jpa.open-in-view to disable this warning] ## ''
[2023-08-27T01:22:55.972-07:00] [INFO] [main-1] [org.springframework.cloud.openfeign.FeignClientFactoryBean] [ChunleiTuf] [10.18.10.84] [bili-search] [FeignClientFactoryBean.java,418,org.springframework.cloud.openfeign.FeignClientFactoryBean,getTarget] [For 'bili-member' URL not provided. Will try picking an instance via load-balancing.] ## ''
[2023-08-27T01:22:56.045-07:00] [INFO] [main-1] [org.springframework.cloud.openfeign.FeignClientFactoryBean] [ChunleiTuf] [10.18.10.84] [bili-search] [FeignClientFactoryBean.java,418,org.springframework.cloud.openfeign.FeignClientFactoryBean,getTarget] [For 'bili-danmaku' URL not provided. Will try picking an instance via load-balancing.] ## ''
[2023-08-27T01:22:56.062-07:00] [INFO] [main-1] [org.springframework.cloud.openfeign.FeignClientFactoryBean] [ChunleiTuf] [10.18.10.84] [bili-search] [FeignClientFactoryBean.java,418,org.springframework.cloud.openfeign.FeignClientFactoryBean,getTarget] [For 'bili-video' URL not provided. Will try picking an instance via load-balancing.] ## ''
[2023-08-27T01:22:57.549-07:00] [INFO] [main-1] [org.springframework.cloud.commons.util.InetUtils] [ChunleiTuf] [10.18.10.84] [bili-search] [InetUtils.java,170,org.springframework.cloud.commons.util.InetUtils,convertAddress] [Cannot determine local hostname] ## ''
[2023-08-27T01:22:59.610-07:00] [INFO] [main-1] [org.springframework.cloud.commons.util.InetUtils] [ChunleiTuf] [10.18.10.84] [bili-search] [InetUtils.java,170,org.springframework.cloud.commons.util.InetUtils,convertAddress] [Cannot determine local hostname] ## ''
[2023-08-27T01:22:59.633-07:00] [WARN] [main-1] [org.springframework.cloud.loadbalancer.config.LoadBalancerCacheAutoConfiguration$LoadBalancerCaffeineWarnLogger] [ChunleiTuf] [10.18.10.84] [bili-search] [LoadBalancerCacheAutoConfiguration.java,83,org.springframework.cloud.loadbalancer.config.LoadBalancerCacheAutoConfiguration$LoadBalancerCaffeineWarnLogger,logWarning] [Spring Cloud LoadBalancer is currently working with the default cache. While this cache implementation is useful for development and tests, it's recommended to use Caffeine cache in production.You can switch to using Caffeine cache, by adding it and org.springframework.cache.caffeine.CaffeineCacheManager to the classpath.] ## ''
[2023-08-27T01:22:59.679-07:00] [INFO] [main-1] [org.apache.coyote.http11.Http11NioProtocol] [ChunleiTuf] [10.18.10.84] [bili-search] [DirectJDKLog.java,173,org.apache.juli.logging.DirectJDKLog,log] [Starting ProtocolHandler ["http-nio-8083"]] ## ''
[2023-08-27T01:22:59.690-07:00] [INFO] [main-1] [org.springframework.boot.web.embedded.tomcat.TomcatWebServer] [ChunleiTuf] [10.18.10.84] [bili-search] [TomcatWebServer.java,220,org.springframework.boot.web.embedded.tomcat.TomcatWebServer,start] [Tomcat started on port(s): 8083 (http) with context path '/apix/search'] ## ''
[2023-08-27T01:22:59.700-07:00] [INFO] [main-1] [com.alibaba.nacos.plugin.auth.spi.client.ClientAuthPluginManager] [ChunleiTuf] [10.18.10.84] [bili-search] [ClientAuthPluginManager.java,56,com.alibaba.nacos.plugin.auth.spi.client.ClientAuthPluginManager,init] [[ClientAuthPluginManager] Load ClientAuthService com.alibaba.nacos.client.auth.impl.NacosClientAuthServiceImpl success.] ## ''
[2023-08-27T01:22:59.701-07:00] [INFO] [main-1] [com.alibaba.nacos.plugin.auth.spi.client.ClientAuthPluginManager] [ChunleiTuf] [10.18.10.84] [bili-search] [ClientAuthPluginManager.java,56,com.alibaba.nacos.plugin.auth.spi.client.ClientAuthPluginManager,init] [[ClientAuthPluginManager] Load ClientAuthService com.alibaba.nacos.client.auth.ram.RamClientAuthServiceImpl success.] ## ''
[2023-08-27T01:22:59.828-07:00] [INFO] [main-1] [com.alibaba.cloud.nacos.registry.NacosServiceRegistry] [ChunleiTuf] [10.18.10.84] [bili-search] [NacosServiceRegistry.java,76,com.alibaba.cloud.nacos.registry.NacosServiceRegistry,register] [nacos registry, DEFAULT_GROUP bili-search 192.168.56.104:8083 register finished] ## ''
[2023-08-27T01:23:01.027-07:00] [INFO] [main-1] [org.springframework.cloud.commons.util.InetUtils] [ChunleiTuf] [10.18.10.84] [bili-search] [InetUtils.java,170,org.springframework.cloud.commons.util.InetUtils,convertAddress] [Cannot determine local hostname] ## ''
[2023-08-27T01:23:01.035-07:00] [INFO] [main-1] [com.chunlei.bili.search.BiliSearchApplication] [ChunleiTuf] [10.18.10.84] [bili-search] [StartupInfoLogger.java,61,org.springframework.boot.StartupInfoLogger,logStarted] [Started BiliSearchApplication in 15.334 seconds (JVM running for 16.661)] ## ''
[2023-08-27T01:23:01.046-07:00] [INFO] [main-1] [com.alibaba.cloud.nacos.refresh.NacosContextRefresher] [ChunleiTuf] [10.18.10.84] [bili-search] [NacosContextRefresher.java,129,com.alibaba.cloud.nacos.refresh.NacosContextRefresher,registerNacosListener] [[Nacos Config] Listening config: dataId=bili-search.properties, group=DEFAULT_GROUP] ## ''
[2023-08-27T01:23:01.047-07:00] [INFO] [main-1] [com.alibaba.cloud.nacos.refresh.NacosContextRefresher] [ChunleiTuf] [10.18.10.84] [bili-search] [NacosContextRefresher.java,129,com.alibaba.cloud.nacos.refresh.NacosContextRefresher,registerNacosListener] [[Nacos Config] Listening config: dataId=bili-search, group=DEFAULT_GROUP] ## ''
[2023-08-27T01:26:01.637-07:00] [INFO] [http-nio-8083-exec-1-116] [org.apache.catalina.core.ContainerBase.[Tomcat].[localhost].[/apix/search]] [ChunleiTuf] [${ctx:ip}] [${ctx:applicationName}] [DirectJDKLog.java,173,org.apache.juli.logging.DirectJDKLog,log] [Initializing Spring DispatcherServlet 'dispatcherServlet'] ## ''
[2023-08-27T01:26:01.638-07:00] [INFO] [http-nio-8083-exec-1-116] [org.springframework.web.servlet.DispatcherServlet] [ChunleiTuf] [${ctx:ip}] [${ctx:applicationName}] [FrameworkServlet.java,525,org.springframework.web.servlet.FrameworkServlet,initServletBean] [Initializing Servlet 'dispatcherServlet'] ## ''
[2023-08-27T01:26:01.639-07:00] [INFO] [http-nio-8083-exec-1-116] [org.springframework.web.servlet.DispatcherServlet] [ChunleiTuf] [${ctx:ip}] [${ctx:applicationName}] [FrameworkServlet.java,547,org.springframework.web.servlet.FrameworkServlet,initServletBean] [Completed initialization in 1 ms] ## ''
[2023-08-27T02:57:19.080-07:00] [ERROR] [http-nio-8083-exec-6-121] [org.apache.catalina.core.ContainerBase.[Tomcat].[localhost].[/apix/search].[dispatcherServlet]] [ChunleiTuf] [${ctx:ip}] [${ctx:applicationName}] [DirectJDKLog.java,175,org.apache.juli.logging.DirectJDKLog,log] [Servlet.service() for servlet [dispatcherServlet] in context with path [/apix/search] threw exception [Request processing failed; nested exception is java.util.concurrent.CompletionException: feign.FeignException$InternalServerError: [500] during [GET] to [http://bili-video/apix/video/stat/396] [VideoFeignClient#getVideoStat(Long)]: [{"timestamp":"2023-08-27T09:57:19.001+00:00","status":500,"error":"Internal Server Error","path":"/apix/video/stat/396"}]] with root cause] ## ' feign.FeignException$InternalServerError: [500] during [GET] to [http://bili-video/apix/video/stat/396] [VideoFeignClient#getVideoStat(Long)]: [{"timestamp":"2023-08-27T09:57:19.001+00:00","status":500,"error":"Internal Server Error","path":"/apix/video/stat/396"}]
	at feign.FeignException.serverErrorStatus(FeignException.java:250)
	at feign.FeignException.errorStatus(FeignException.java:197)
	at feign.FeignException.errorStatus(FeignException.java:185)
	at feign.codec.ErrorDecoder$Default.decode(ErrorDecoder.java:92)
	at feign.AsyncResponseHandler.handleResponse(AsyncResponseHandler.java:98)
	at feign.SynchronousMethodHandler.executeAndDecode(SynchronousMethodHandler.java:141)
	at feign.SynchronousMethodHandler.invoke(SynchronousMethodHandler.java:91)
	at feign.ReflectiveFeign$FeignInvocationHandler.invoke(ReflectiveFeign.java:100)
	at com.sun.proxy.$Proxy150.getVideoStat(Unknown Source)
	at com.chunlei.bili.search.service.Impl.EsSearchServiceImpl.lambda$mappingEsVideoToVideoEntity$3(EsSearchServiceImpl.java:146)
	at java.util.concurrent.CompletableFuture$AsyncRun.run(CompletableFuture.java:1640)
	at java.util.concurrent.ThreadPoolExecutor.runWorker(ThreadPoolExecutor.java:1149)
	at java.util.concurrent.ThreadPoolExecutor$Worker.run(ThreadPoolExecutor.java:624)
	at java.lang.Thread.run(Thread.java:750)
'
[2023-08-27T02:57:25.410-07:00] [ERROR] [http-nio-8083-exec-8-123] [org.apache.catalina.core.ContainerBase.[Tomcat].[localhost].[/apix/search].[dispatcherServlet]] [ChunleiTuf] [${ctx:ip}] [${ctx:applicationName}] [DirectJDKLog.java,175,org.apache.juli.logging.DirectJDKLog,log] [Servlet.service() for servlet [dispatcherServlet] in context with path [/apix/search] threw exception [Request processing failed; nested exception is java.util.concurrent.CompletionException: feign.FeignException$InternalServerError: [500] during [GET] to [http://bili-video/apix/video/stat/396] [VideoFeignClient#getVideoStat(Long)]: [{"timestamp":"2023-08-27T09:57:25.408+00:00","status":500,"error":"Internal Server Error","path":"/apix/video/stat/396"}]] with root cause] ## ' feign.FeignException$InternalServerError: [500] during [GET] to [http://bili-video/apix/video/stat/396] [VideoFeignClient#getVideoStat(Long)]: [{"timestamp":"2023-08-27T09:57:25.408+00:00","status":500,"error":"Internal Server Error","path":"/apix/video/stat/396"}]
	at feign.FeignException.serverErrorStatus(FeignException.java:250)
	at feign.FeignException.errorStatus(FeignException.java:197)
	at feign.FeignException.errorStatus(FeignException.java:185)
	at feign.codec.ErrorDecoder$Default.decode(ErrorDecoder.java:92)
	at feign.AsyncResponseHandler.handleResponse(AsyncResponseHandler.java:98)
	at feign.SynchronousMethodHandler.executeAndDecode(SynchronousMethodHandler.java:141)
	at feign.SynchronousMethodHandler.invoke(SynchronousMethodHandler.java:91)
	at feign.ReflectiveFeign$FeignInvocationHandler.invoke(ReflectiveFeign.java:100)
	at com.sun.proxy.$Proxy150.getVideoStat(Unknown Source)
	at com.chunlei.bili.search.service.Impl.EsSearchServiceImpl.lambda$mappingEsVideoToVideoEntity$3(EsSearchServiceImpl.java:146)
	at java.util.concurrent.CompletableFuture$AsyncRun.run(CompletableFuture.java:1640)
	at java.util.concurrent.ThreadPoolExecutor.runWorker(ThreadPoolExecutor.java:1149)
	at java.util.concurrent.ThreadPoolExecutor$Worker.run(ThreadPoolExecutor.java:624)
	at java.lang.Thread.run(Thread.java:750)
'
[2023-08-27T03:07:22.278-07:00] [ERROR] [http-nio-8083-exec-1-116] [org.apache.catalina.core.ContainerBase.[Tomcat].[localhost].[/apix/search].[dispatcherServlet]] [ChunleiTuf] [${ctx:ip}] [${ctx:applicationName}] [DirectJDKLog.java,175,org.apache.juli.logging.DirectJDKLog,log] [Servlet.service() for servlet [dispatcherServlet] in context with path [/apix/search] threw exception [Request processing failed; nested exception is java.util.concurrent.CompletionException: feign.FeignException$InternalServerError: [500] during [GET] to [http://bili-video/apix/video/stat/396] [VideoFeignClient#getVideoStat(Long)]: [{"timestamp":"2023-08-27T10:07:22.272+00:00","status":500,"error":"Internal Server Error","path":"/apix/video/stat/396"}]] with root cause] ## ' feign.FeignException$InternalServerError: [500] during [GET] to [http://bili-video/apix/video/stat/396] [VideoFeignClient#getVideoStat(Long)]: [{"timestamp":"2023-08-27T10:07:22.272+00:00","status":500,"error":"Internal Server Error","path":"/apix/video/stat/396"}]
	at feign.FeignException.serverErrorStatus(FeignException.java:250)
	at feign.FeignException.errorStatus(FeignException.java:197)
	at feign.FeignException.errorStatus(FeignException.java:185)
	at feign.codec.ErrorDecoder$Default.decode(ErrorDecoder.java:92)
	at feign.AsyncResponseHandler.handleResponse(AsyncResponseHandler.java:98)
	at feign.SynchronousMethodHandler.executeAndDecode(SynchronousMethodHandler.java:141)
	at feign.SynchronousMethodHandler.invoke(SynchronousMethodHandler.java:91)
	at feign.ReflectiveFeign$FeignInvocationHandler.invoke(ReflectiveFeign.java:100)
	at com.sun.proxy.$Proxy150.getVideoStat(Unknown Source)
	at com.chunlei.bili.search.service.Impl.EsSearchServiceImpl.lambda$mappingEsVideoToVideoEntity$3(EsSearchServiceImpl.java:146)
	at java.util.concurrent.CompletableFuture$AsyncRun.run(CompletableFuture.java:1640)
	at java.util.concurrent.ThreadPoolExecutor.runWorker(ThreadPoolExecutor.java:1149)
	at java.util.concurrent.ThreadPoolExecutor$Worker.run(ThreadPoolExecutor.java:624)
	at java.lang.Thread.run(Thread.java:750)
'
[2023-08-27T03:12:10.164-07:00] [ERROR] [http-nio-8083-exec-4-119] [org.apache.catalina.core.ContainerBase.[Tomcat].[localhost].[/apix/search].[dispatcherServlet]] [ChunleiTuf] [${ctx:ip}] [${ctx:applicationName}] [DirectJDKLog.java,175,org.apache.juli.logging.DirectJDKLog,log] [Servlet.service() for servlet [dispatcherServlet] in context with path [/apix/search] threw exception [Request processing failed; nested exception is java.util.concurrent.CompletionException: feign.FeignException$InternalServerError: [500] during [GET] to [http://bili-video/apix/video/stat/396] [VideoFeignClient#getVideoStat(Long)]: [{"timestamp":"2023-08-27T10:12:10.160+00:00","status":500,"error":"Internal Server Error","path":"/apix/video/stat/396"}]] with root cause] ## ' feign.FeignException$InternalServerError: [500] during [GET] to [http://bili-video/apix/video/stat/396] [VideoFeignClient#getVideoStat(Long)]: [{"timestamp":"2023-08-27T10:12:10.160+00:00","status":500,"error":"Internal Server Error","path":"/apix/video/stat/396"}]
	at feign.FeignException.serverErrorStatus(FeignException.java:250)
	at feign.FeignException.errorStatus(FeignException.java:197)
	at feign.FeignException.errorStatus(FeignException.java:185)
	at feign.codec.ErrorDecoder$Default.decode(ErrorDecoder.java:92)
	at feign.AsyncResponseHandler.handleResponse(AsyncResponseHandler.java:98)
	at feign.SynchronousMethodHandler.executeAndDecode(SynchronousMethodHandler.java:141)
	at feign.SynchronousMethodHandler.invoke(SynchronousMethodHandler.java:91)
	at feign.ReflectiveFeign$FeignInvocationHandler.invoke(ReflectiveFeign.java:100)
	at com.sun.proxy.$Proxy150.getVideoStat(Unknown Source)
	at com.chunlei.bili.search.service.Impl.EsSearchServiceImpl.lambda$mappingEsVideoToVideoEntity$3(EsSearchServiceImpl.java:146)
	at java.util.concurrent.CompletableFuture$AsyncRun.run(CompletableFuture.java:1640)
	at java.util.concurrent.ThreadPoolExecutor.runWorker(ThreadPoolExecutor.java:1149)
	at java.util.concurrent.ThreadPoolExecutor$Worker.run(ThreadPoolExecutor.java:624)
	at java.lang.Thread.run(Thread.java:750)
'
[2023-08-27T04:10:35.724-07:00] [WARN] [Thread-6-35] [com.alibaba.nacos.common.http.HttpClientBeanHolder] [ChunleiTuf] [${ctx:ip}] [${ctx:applicationName}] [HttpClientBeanHolder.java,102,com.alibaba.nacos.common.http.HttpClientBeanHolder,shutdown] [[HttpClientBeanHolder] Start destroying common HttpClient] ## ''
[2023-08-27T04:10:35.727-07:00] [WARN] [Thread-14-46] [com.alibaba.nacos.common.notify.NotifyCenter] [ChunleiTuf] [${ctx:ip}] [${ctx:applicationName}] [NotifyCenter.java,136,com.alibaba.nacos.common.notify.NotifyCenter,shutdown] [[NotifyCenter] Start destroying Publisher] ## ''
[2023-08-27T04:10:35.728-07:00] [WARN] [Thread-14-46] [com.alibaba.nacos.common.notify.NotifyCenter] [ChunleiTuf] [${ctx:ip}] [${ctx:applicationName}] [NotifyCenter.java,153,com.alibaba.nacos.common.notify.NotifyCenter,shutdown] [[NotifyCenter] Destruction of the end] ## ''
[2023-08-27T04:10:35.736-07:00] [WARN] [Thread-6-35] [com.alibaba.nacos.common.http.HttpClientBeanHolder] [ChunleiTuf] [${ctx:ip}] [${ctx:applicationName}] [HttpClientBeanHolder.java,111,com.alibaba.nacos.common.http.HttpClientBeanHolder,shutdown] [[HttpClientBeanHolder] Destruction of the end] ## ''
[2023-08-27T04:10:36.350-07:00] [INFO] [SpringApplicationShutdownHook-65] [com.alibaba.cloud.nacos.registry.NacosServiceRegistry] [ChunleiTuf] [${ctx:ip}] [${ctx:applicationName}] [NacosServiceRegistry.java,95,com.alibaba.cloud.nacos.registry.NacosServiceRegistry,deregister] [De-registering from Nacos Server now...] ## ''
[2023-08-27T04:10:36.355-07:00] [INFO] [SpringApplicationShutdownHook-65] [com.alibaba.cloud.nacos.registry.NacosServiceRegistry] [ChunleiTuf] [${ctx:ip}] [${ctx:applicationName}] [NacosServiceRegistry.java,115,com.alibaba.cloud.nacos.registry.NacosServiceRegistry,deregister] [De-registration finished.] ## ''
[2023-08-27T04:10:36.390-07:00] [INFO] [SpringApplicationShutdownHook-65] [org.springframework.orm.jpa.LocalContainerEntityManagerFactoryBean] [ChunleiTuf] [${ctx:ip}] [${ctx:applicationName}] [AbstractEntityManagerFactoryBean.java,651,org.springframework.orm.jpa.AbstractEntityManagerFactoryBean,destroy] [Closing JPA EntityManagerFactory for persistence unit 'default'] ## ''
[2023-08-27T04:10:36.409-07:00] [INFO] [SpringApplicationShutdownHook-65] [com.zaxxer.hikari.HikariDataSource] [ChunleiTuf] [${ctx:ip}] [${ctx:applicationName}] [HikariDataSource.java,350,com.zaxxer.hikari.HikariDataSource,close] [HikariPool-1 - Shutdown initiated...] ## ''
[2023-08-27T04:10:36.420-07:00] [INFO] [SpringApplicationShutdownHook-65] [com.zaxxer.hikari.HikariDataSource] [ChunleiTuf] [${ctx:ip}] [${ctx:applicationName}] [HikariDataSource.java,352,com.zaxxer.hikari.HikariDataSource,close] [HikariPool-1 - Shutdown completed.] ## ''
